CRITICAL - 2023-06-04 01:40:46 --> Call to undefined method CodeIgniter\Pager\Pager::hasPrevious()
in APPPATH\Views\back\productos\index.php on line 64.
 1 SYSTEMPATH\View\View.php(213): include()
 2 SYSTEMPATH\View\View.php(216): CodeIgniter\View\View->CodeIgniter\View\{closure}()
 3 SYSTEMPATH\Common.php(1184): CodeIgniter\View\View->render('back/productos/index', [], true)
 4 APPPATH\Controllers\Products.php(17): view('back/productos/index', [...])
 5 SYSTEMPATH\CodeIgniter.php(934): App\Controllers\Products->index()
 6 SYSTEMPATH\CodeIgniter.php(499): CodeIgniter\CodeIgniter->runController(Object(App\Controllers\Products))
 7 SYSTEMPATH\CodeIgniter.php(368): CodeIgniter\CodeIgniter->handleRequest(null, Object(Config\Cache), false)
 8 FCPATH\index.php(67): CodeIgniter\CodeIgniter->run()
CRITICAL - 2023-06-04 01:45:16 --> Call to undefined method CodeIgniter\Pager\Pager::hasPrevious()
in APPPATH\Views\back\productos\index.php on line 64.
 1 SYSTEMPATH\View\View.php(213): include()
 2 SYSTEMPATH\View\View.php(216): CodeIgniter\View\View->CodeIgniter\View\{closure}()
 3 SYSTEMPATH\Common.php(1184): CodeIgniter\View\View->render('back/productos/index', [], true)
 4 APPPATH\Controllers\Products.php(17): view('back/productos/index', [...])
 5 SYSTEMPATH\CodeIgniter.php(934): App\Controllers\Products->index()
 6 SYSTEMPATH\CodeIgniter.php(499): CodeIgniter\CodeIgniter->runController(Object(App\Controllers\Products))
 7 SYSTEMPATH\CodeIgniter.php(368): CodeIgniter\CodeIgniter->handleRequest(null, Object(Config\Cache), false)
 8 FCPATH\index.php(67): CodeIgniter\CodeIgniter->run()
CRITICAL - 2023-06-04 01:45:18 --> Call to undefined method CodeIgniter\Pager\Pager::hasPrevious()
in APPPATH\Views\back\productos\index.php on line 64.
 1 SYSTEMPATH\View\View.php(213): include()
 2 SYSTEMPATH\View\View.php(216): CodeIgniter\View\View->CodeIgniter\View\{closure}()
 3 SYSTEMPATH\Common.php(1184): CodeIgniter\View\View->render('back/productos/index', [], true)
 4 APPPATH\Controllers\Products.php(17): view('back/productos/index', [...])
 5 SYSTEMPATH\CodeIgniter.php(934): App\Controllers\Products->index()
 6 SYSTEMPATH\CodeIgniter.php(499): CodeIgniter\CodeIgniter->runController(Object(App\Controllers\Products))
 7 SYSTEMPATH\CodeIgniter.php(368): CodeIgniter\CodeIgniter->handleRequest(null, Object(Config\Cache), false)
 8 FCPATH\index.php(67): CodeIgniter\CodeIgniter->run()
CRITICAL - 2023-06-04 01:45:18 --> Call to undefined method CodeIgniter\Pager\Pager::hasPrevious()
in APPPATH\Views\back\productos\index.php on line 64.
 1 SYSTEMPATH\View\View.php(213): include()
 2 SYSTEMPATH\View\View.php(216): CodeIgniter\View\View->CodeIgniter\View\{closure}()
 3 SYSTEMPATH\Common.php(1184): CodeIgniter\View\View->render('back/productos/index', [], true)
 4 APPPATH\Controllers\Products.php(17): view('back/productos/index', [...])
 5 SYSTEMPATH\CodeIgniter.php(934): App\Controllers\Products->index()
 6 SYSTEMPATH\CodeIgniter.php(499): CodeIgniter\CodeIgniter->runController(Object(App\Controllers\Products))
 7 SYSTEMPATH\CodeIgniter.php(368): CodeIgniter\CodeIgniter->handleRequest(null, Object(Config\Cache), false)
 8 FCPATH\index.php(67): CodeIgniter\CodeIgniter->run()
CRITICAL - 2023-06-04 01:45:18 --> Call to undefined method CodeIgniter\Pager\Pager::hasPrevious()
in APPPATH\Views\back\productos\index.php on line 64.
 1 SYSTEMPATH\View\View.php(213): include()
 2 SYSTEMPATH\View\View.php(216): CodeIgniter\View\View->CodeIgniter\View\{closure}()
 3 SYSTEMPATH\Common.php(1184): CodeIgniter\View\View->render('back/productos/index', [], true)
 4 APPPATH\Controllers\Products.php(17): view('back/productos/index', [...])
 5 SYSTEMPATH\CodeIgniter.php(934): App\Controllers\Products->index()
 6 SYSTEMPATH\CodeIgniter.php(499): CodeIgniter\CodeIgniter->runController(Object(App\Controllers\Products))
 7 SYSTEMPATH\CodeIgniter.php(368): CodeIgniter\CodeIgniter->handleRequest(null, Object(Config\Cache), false)
 8 FCPATH\index.php(67): CodeIgniter\CodeIgniter->run()
CRITICAL - 2023-06-04 01:45:22 --> Call to undefined method CodeIgniter\Pager\Pager::hasPrevious()
in APPPATH\Views\back\productos\index.php on line 64.
 1 SYSTEMPATH\View\View.php(213): include()
 2 SYSTEMPATH\View\View.php(216): CodeIgniter\View\View->CodeIgniter\View\{closure}()
 3 SYSTEMPATH\Common.php(1184): CodeIgniter\View\View->render('back/productos/index', [], true)
 4 APPPATH\Controllers\Products.php(17): view('back/productos/index', [...])
 5 SYSTEMPATH\CodeIgniter.php(934): App\Controllers\Products->index()
 6 SYSTEMPATH\CodeIgniter.php(499): CodeIgniter\CodeIgniter->runController(Object(App\Controllers\Products))
 7 SYSTEMPATH\CodeIgniter.php(368): CodeIgniter\CodeIgniter->handleRequest(null, Object(Config\Cache), false)
 8 FCPATH\index.php(67): CodeIgniter\CodeIgniter->run()
CRITICAL - 2023-06-04 01:45:23 --> Call to undefined method CodeIgniter\Pager\Pager::hasPrevious()
in APPPATH\Views\back\productos\index.php on line 64.
 1 SYSTEMPATH\View\View.php(213): include()
 2 SYSTEMPATH\View\View.php(216): CodeIgniter\View\View->CodeIgniter\View\{closure}()
 3 SYSTEMPATH\Common.php(1184): CodeIgniter\View\View->render('back/productos/index', [], true)
 4 APPPATH\Controllers\Products.php(17): view('back/productos/index', [...])
 5 SYSTEMPATH\CodeIgniter.php(934): App\Controllers\Products->index()
 6 SYSTEMPATH\CodeIgniter.php(499): CodeIgniter\CodeIgniter->runController(Object(App\Controllers\Products))
 7 SYSTEMPATH\CodeIgniter.php(368): CodeIgniter\CodeIgniter->handleRequest(null, Object(Config\Cache), false)
 8 FCPATH\index.php(67): CodeIgniter\CodeIgniter->run()
CRITICAL - 2023-06-04 01:45:23 --> Call to undefined method CodeIgniter\Pager\Pager::hasPrevious()
in APPPATH\Views\back\productos\index.php on line 64.
 1 SYSTEMPATH\View\View.php(213): include()
 2 SYSTEMPATH\View\View.php(216): CodeIgniter\View\View->CodeIgniter\View\{closure}()
 3 SYSTEMPATH\Common.php(1184): CodeIgniter\View\View->render('back/productos/index', [], true)
 4 APPPATH\Controllers\Products.php(17): view('back/productos/index', [...])
 5 SYSTEMPATH\CodeIgniter.php(934): App\Controllers\Products->index()
 6 SYSTEMPATH\CodeIgniter.php(499): CodeIgniter\CodeIgniter->runController(Object(App\Controllers\Products))
 7 SYSTEMPATH\CodeIgniter.php(368): CodeIgniter\CodeIgniter->handleRequest(null, Object(Config\Cache), false)
 8 FCPATH\index.php(67): CodeIgniter\CodeIgniter->run()
CRITICAL - 2023-06-04 01:45:55 --> Call to undefined method CodeIgniter\Pager\Pager::getPreviousPage()
in APPPATH\Views\back\productos\index.php on line 64.
 1 SYSTEMPATH\View\View.php(213): include()
 2 SYSTEMPATH\View\View.php(216): CodeIgniter\View\View->CodeIgniter\View\{closure}()
 3 SYSTEMPATH\Common.php(1184): CodeIgniter\View\View->render('back/productos/index', [], true)
 4 APPPATH\Controllers\Products.php(17): view('back/productos/index', [...])
 5 SYSTEMPATH\CodeIgniter.php(934): App\Controllers\Products->index()
 6 SYSTEMPATH\CodeIgniter.php(499): CodeIgniter\CodeIgniter->runController(Object(App\Controllers\Products))
 7 SYSTEMPATH\CodeIgniter.php(368): CodeIgniter\CodeIgniter->handleRequest(null, Object(Config\Cache), false)
 8 FCPATH\index.php(67): CodeIgniter\CodeIgniter->run()
CRITICAL - 2023-06-04 01:45:56 --> Call to undefined method CodeIgniter\Pager\Pager::getPreviousPage()
in APPPATH\Views\back\productos\index.php on line 64.
 1 SYSTEMPATH\View\View.php(213): include()
 2 SYSTEMPATH\View\View.php(216): CodeIgniter\View\View->CodeIgniter\View\{closure}()
 3 SYSTEMPATH\Common.php(1184): CodeIgniter\View\View->render('back/productos/index', [], true)
 4 APPPATH\Controllers\Products.php(17): view('back/productos/index', [...])
 5 SYSTEMPATH\CodeIgniter.php(934): App\Controllers\Products->index()
 6 SYSTEMPATH\CodeIgniter.php(499): CodeIgniter\CodeIgniter->runController(Object(App\Controllers\Products))
 7 SYSTEMPATH\CodeIgniter.php(368): CodeIgniter\CodeIgniter->handleRequest(null, Object(Config\Cache), false)
 8 FCPATH\index.php(67): CodeIgniter\CodeIgniter->run()
CRITICAL - 2023-06-04 02:01:26 --> Undefined variable $pager
in APPPATH\Views\back\productos\index.php on line 62.
 1 APPPATH\Views\back\productos\index.php(62): CodeIgniter\Debug\Exceptions->errorHandler(2, 'Undefined variable $pager', 'C:\\xampp\\htdocs\\proyecto_garcia_ana_cecilia\\app\\Views\\back\\productos\\index.php', 62)
 2 SYSTEMPATH\View\View.php(213): include('C:\\xampp\\htdocs\\proyecto_garcia_ana_cecilia\\app\\Views\\back\\productos\\index.php')
 3 SYSTEMPATH\View\View.php(216): CodeIgniter\View\View->CodeIgniter\View\{closure}()
 4 SYSTEMPATH\Common.php(1184): CodeIgniter\View\View->render('back/productos/index', [], true)
 5 APPPATH\Controllers\Products.php(16): view('back/productos/index', [...])
 6 SYSTEMPATH\CodeIgniter.php(934): App\Controllers\Products->index()
 7 SYSTEMPATH\CodeIgniter.php(499): CodeIgniter\CodeIgniter->runController(Object(App\Controllers\Products))
 8 SYSTEMPATH\CodeIgniter.php(368): CodeIgniter\CodeIgniter->handleRequest(null, Object(Config\Cache), false)
 9 FCPATH\index.php(67): CodeIgniter\CodeIgniter->run()
CRITICAL - 2023-06-04 02:17:12 --> Invalid file: "back/categoriaos/index.php"
in SYSTEMPATH\Exceptions\FrameworkException.php on line 33.
 1 SYSTEMPATH\View\View.php(201): CodeIgniter\Exceptions\FrameworkException::forInvalidFile('back/categoriaos/index.php')
 2 SYSTEMPATH\Common.php(1184): CodeIgniter\View\View->render('back/categoriaos/index', [], true)
 3 APPPATH\Controllers\Categorias.php(13): view('back/categoriaos/index', [...])
 4 SYSTEMPATH\CodeIgniter.php(934): App\Controllers\Categorias->index()
 5 SYSTEMPATH\CodeIgniter.php(499): CodeIgniter\CodeIgniter->runController(Object(App\Controllers\Categorias))
 6 SYSTEMPATH\CodeIgniter.php(368): CodeIgniter\CodeIgniter->handleRequest(null, Object(Config\Cache), false)
 7 FCPATH\index.php(67): CodeIgniter\CodeIgniter->run()
CRITICAL - 2023-06-04 02:20:54 --> Undefined array key "activo"
in APPPATH\Views\back\categorias\index.php on line 40.
 1 APPPATH\Views\back\categorias\index.php(40): CodeIgniter\Debug\Exceptions->errorHandler(2, 'Undefined array key "activo"', 'C:\\xampp\\htdocs\\proyecto_garcia_ana_cecilia\\app\\Views\\back\\categorias\\index.php', 40)
 2 SYSTEMPATH\View\View.php(213): include('C:\\xampp\\htdocs\\proyecto_garcia_ana_cecilia\\app\\Views\\back\\categorias\\index.php')
 3 SYSTEMPATH\View\View.php(216): CodeIgniter\View\View->CodeIgniter\View\{closure}()
 4 SYSTEMPATH\Common.php(1184): CodeIgniter\View\View->render('back/categorias/index', [], true)
 5 APPPATH\Controllers\Categorias.php(13): view('back/categorias/index', [...])
 6 SYSTEMPATH\CodeIgniter.php(934): App\Controllers\Categorias->index()
 7 SYSTEMPATH\CodeIgniter.php(499): CodeIgniter\CodeIgniter->runController(Object(App\Controllers\Categorias))
 8 SYSTEMPATH\CodeIgniter.php(368): CodeIgniter\CodeIgniter->handleRequest(null, Object(Config\Cache), false)
 9 FCPATH\index.php(67): CodeIgniter\CodeIgniter->run()
CRITICAL - 2023-06-04 02:31:25 --> Undefined array key "imagen"
in APPPATH\Views\back\series\index.php on line 39.
 1 APPPATH\Views\back\series\index.php(39): CodeIgniter\Debug\Exceptions->errorHandler(2, 'Undefined array key "imagen"', 'C:\\xampp\\htdocs\\proyecto_garcia_ana_cecilia\\app\\Views\\back\\series\\index.php', 39)
 2 SYSTEMPATH\View\View.php(213): include('C:\\xampp\\htdocs\\proyecto_garcia_ana_cecilia\\app\\Views\\back\\series\\index.php')
 3 SYSTEMPATH\View\View.php(216): CodeIgniter\View\View->CodeIgniter\View\{closure}()
 4 SYSTEMPATH\Common.php(1184): CodeIgniter\View\View->render('back/series/index', [], true)
 5 APPPATH\Controllers\Series.php(13): view('back/series/index', [...])
 6 SYSTEMPATH\CodeIgniter.php(934): App\Controllers\Series->index()
 7 SYSTEMPATH\CodeIgniter.php(499): CodeIgniter\CodeIgniter->runController(Object(App\Controllers\Series))
 8 SYSTEMPATH\CodeIgniter.php(368): CodeIgniter\CodeIgniter->handleRequest(null, Object(Config\Cache), false)
 9 FCPATH\index.php(67): CodeIgniter\CodeIgniter->run()
CRITICAL - 2023-06-04 02:46:38 --> Undefined variable $categorias
in APPPATH\Views\back\productos\edit.php on line 24.
 1 APPPATH\Views\back\productos\edit.php(24): CodeIgniter\Debug\Exceptions->errorHandler(2, 'Undefined variable $categorias', 'C:\\xampp\\htdocs\\proyecto_garcia_ana_cecilia\\app\\Views\\back\\productos\\edit.php', 24)
 2 SYSTEMPATH\View\View.php(213): include('C:\\xampp\\htdocs\\proyecto_garcia_ana_cecilia\\app\\Views\\back\\productos\\edit.php')
 3 SYSTEMPATH\View\View.php(216): CodeIgniter\View\View->CodeIgniter\View\{closure}()
 4 SYSTEMPATH\Common.php(1184): CodeIgniter\View\View->render('back/productos/edit', [], true)
 5 APPPATH\Controllers\Products.php(77): view('back/productos/edit', [...])
 6 SYSTEMPATH\CodeIgniter.php(934): App\Controllers\Products->edit('9')
 7 SYSTEMPATH\CodeIgniter.php(499): CodeIgniter\CodeIgniter->runController(Object(App\Controllers\Products))
 8 SYSTEMPATH\CodeIgniter.php(368): CodeIgniter\CodeIgniter->handleRequest(null, Object(Config\Cache), false)
 9 FCPATH\index.php(67): CodeIgniter\CodeIgniter->run()
CRITICAL - 2023-06-04 03:03:40 --> Undefined array key "categoria_id"
in APPPATH\Views\back\productos\edit.php on line 25.
 1 APPPATH\Views\back\productos\edit.php(25): CodeIgniter\Debug\Exceptions->errorHandler(2, 'Undefined array key "categoria_id"', 'C:\\xampp\\htdocs\\proyecto_garcia_ana_cecilia\\app\\Views\\back\\productos\\edit.php', 25)
 2 SYSTEMPATH\View\View.php(213): include('C:\\xampp\\htdocs\\proyecto_garcia_ana_cecilia\\app\\Views\\back\\productos\\edit.php')
 3 SYSTEMPATH\View\View.php(216): CodeIgniter\View\View->CodeIgniter\View\{closure}()
 4 SYSTEMPATH\Common.php(1184): CodeIgniter\View\View->render('back/productos/edit', [], true)
 5 APPPATH\Controllers\Products.php(81): view('back/productos/edit', [...])
 6 SYSTEMPATH\CodeIgniter.php(934): App\Controllers\Products->edit('10')
 7 SYSTEMPATH\CodeIgniter.php(499): CodeIgniter\CodeIgniter->runController(Object(App\Controllers\Products))
 8 SYSTEMPATH\CodeIgniter.php(368): CodeIgniter\CodeIgniter->handleRequest(null, Object(Config\Cache), false)
 9 FCPATH\index.php(67): CodeIgniter\CodeIgniter->run()
CRITICAL - 2023-06-04 03:07:54 --> Call to undefined method App\Models\Product::search
in SYSTEMPATH\Model.php on line 842.
 1 APPPATH\Controllers\Products.php(149): CodeIgniter\Model->__call('search', [...])
 2 SYSTEMPATH\CodeIgniter.php(934): App\Controllers\Products->search()
 3 SYSTEMPATH\CodeIgniter.php(499): CodeIgniter\CodeIgniter->runController(Object(App\Controllers\Products))
 4 SYSTEMPATH\CodeIgniter.php(368): CodeIgniter\CodeIgniter->handleRequest(null, Object(Config\Cache), false)
 5 FCPATH\index.php(67): CodeIgniter\CodeIgniter->run()
CRITICAL - 2023-06-04 03:27:10 --> Call to undefined method App\Models\Product::inactivos
in SYSTEMPATH\Model.php on line 842.
 1 APPPATH\Controllers\Products.php(159): CodeIgniter\Model->__call('inactivos', [])
 2 SYSTEMPATH\CodeIgniter.php(934): App\Controllers\Products->inactivos()
 3 SYSTEMPATH\CodeIgniter.php(499): CodeIgniter\CodeIgniter->runController(Object(App\Controllers\Products))
 4 SYSTEMPATH\CodeIgniter.php(368): CodeIgniter\CodeIgniter->handleRequest(null, Object(Config\Cache), false)
 5 FCPATH\index.php(67): CodeIgniter\CodeIgniter->run()
