ERROR - 2023-05-30 11:13:42 --> Error connecting to the database: mysqli_sql_exception: Unknown database 'bd_garcia_ana_cecilia' in /opt/lampp/htdocs/proyecto_garcia_ana_cecilia/system/Database/MySQLi/Connection.php:173
Stack trace:
#0 /opt/lampp/htdocs/proyecto_garcia_ana_cecilia/system/Database/MySQLi/Connection.php(173): mysqli->real_connect('localhost', 'root', Object(SensitiveParameterValue), 'bd_garcia_ana_c...', 3306, '', 0)
#1 /opt/lampp/htdocs/proyecto_garcia_ana_cecilia/system/Database/BaseConnection.php(391): CodeIgniter\Database\MySQLi\Connection->connect(false)
#2 /opt/lampp/htdocs/proyecto_garcia_ana_cecilia/system/Database/BaseConnection.php(573): CodeIgniter\Database\BaseConnection->initialize()
#3 /opt/lampp/htdocs/proyecto_garcia_ana_cecilia/system/Database/BaseBuilder.php(1616): CodeIgniter\Database\BaseConnection->query('SELECT *\nFROM `...', Array, false)
#4 /opt/lampp/htdocs/proyecto_garcia_ana_cecilia/system/Model.php(241): CodeIgniter\Database\BaseBuilder->get()
#5 /opt/lampp/htdocs/proyecto_garcia_ana_cecilia/system/BaseModel.php(618): CodeIgniter\Model->doFindAll(6, 0)
#6 /opt/lampp/htdocs/proyecto_garcia_ana_cecilia/app/Controllers/Home.php(12): CodeIgniter\BaseModel->findAll(6)
#7 /opt/lampp/htdocs/proyecto_garcia_ana_cecilia/system/CodeIgniter.php(934): App\Controllers\Home->index()
#8 /opt/lampp/htdocs/proyecto_garcia_ana_cecilia/system/CodeIgniter.php(499): CodeIgniter\CodeIgniter->runController(Object(App\Controllers\Home))
#9 /opt/lampp/htdocs/proyecto_garcia_ana_cecilia/system/CodeIgniter.php(368): CodeIgniter\CodeIgniter->handleRequest(NULL, Object(Config\Cache), false)
#10 /opt/lampp/htdocs/proyecto_garcia_ana_cecilia/public/index.php(67): CodeIgniter\CodeIgniter->run()
#11 {main}

Next CodeIgniter\Database\Exceptions\DatabaseException: Unknown database 'bd_garcia_ana_cecilia' in /opt/lampp/htdocs/proyecto_garcia_ana_cecilia/system/Database/MySQLi/Connection.php:218
Stack trace:
#0 /opt/lampp/htdocs/proyecto_garcia_ana_cecilia/system/Database/BaseConnection.php(391): CodeIgniter\Database\MySQLi\Connection->connect(false)
#1 /opt/lampp/htdocs/proyecto_garcia_ana_cecilia/system/Database/BaseConnection.php(573): CodeIgniter\Database\BaseConnection->initialize()
#2 /opt/lampp/htdocs/proyecto_garcia_ana_cecilia/system/Database/BaseBuilder.php(1616): CodeIgniter\Database\BaseConnection->query('SELECT *\nFROM `...', Array, false)
#3 /opt/lampp/htdocs/proyecto_garcia_ana_cecilia/system/Model.php(241): CodeIgniter\Database\BaseBuilder->get()
#4 /opt/lampp/htdocs/proyecto_garcia_ana_cecilia/system/BaseModel.php(618): CodeIgniter\Model->doFindAll(6, 0)
#5 /opt/lampp/htdocs/proyecto_garcia_ana_cecilia/app/Controllers/Home.php(12): CodeIgniter\BaseModel->findAll(6)
#6 /opt/lampp/htdocs/proyecto_garcia_ana_cecilia/system/CodeIgniter.php(934): App\Controllers\Home->index()
#7 /opt/lampp/htdocs/proyecto_garcia_ana_cecilia/system/CodeIgniter.php(499): CodeIgniter\CodeIgniter->runController(Object(App\Controllers\Home))
#8 /opt/lampp/htdocs/proyecto_garcia_ana_cecilia/system/CodeIgniter.php(368): CodeIgniter\CodeIgniter->handleRequest(NULL, Object(Config\Cache), false)
#9 /opt/lampp/htdocs/proyecto_garcia_ana_cecilia/public/index.php(67): CodeIgniter\CodeIgniter->run()
#10 {main}
CRITICAL - 2023-05-30 11:13:42 --> Unable to connect to the database.
Main connection [MySQLi]: Unknown database 'bd_garcia_ana_cecilia'
in SYSTEMPATH/Database/BaseConnection.php on line 427.
 1 SYSTEMPATH/Database/BaseConnection.php(573): CodeIgniter\Database\BaseConnection->initialize()
 2 SYSTEMPATH/Database/BaseBuilder.php(1616): CodeIgniter\Database\BaseConnection->query('SELECT *
FROM `productos`
WHERE `baja` = :baja:
ORDER BY `id` DESC
 LIMIT 6', [...], false)
 3 SYSTEMPATH/Model.php(241): CodeIgniter\Database\BaseBuilder->get()
 4 SYSTEMPATH/BaseModel.php(618): CodeIgniter\Model->doFindAll(6, 0)
 5 APPPATH/Controllers/Home.php(12): CodeIgniter\BaseModel->findAll(6)
 6 SYSTEMPATH/CodeIgniter.php(934): App\Controllers\Home->index()
 7 SYSTEMPATH/CodeIgniter.php(499): CodeIgniter\CodeIgniter->runController(Object(App\Controllers\Home))
 8 SYSTEMPATH/CodeIgniter.php(368): CodeIgniter\CodeIgniter->handleRequest(null, Object(Config\Cache), false)
 9 FCPATH/index.php(67): CodeIgniter\CodeIgniter->run()
