CRITICAL - 2023-04-25 02:01:04 --> Cannot use [] for reading
in APPPATH\Controllers\Home.php on line 30.
 1 SYSTEMPATH\CodeIgniter.php(934): App\Controllers\Home->contactoStore()
 2 SYSTEMPATH\CodeIgniter.php(499): CodeIgniter\CodeIgniter->runController(Object(App\Controllers\Home))
 3 SYSTEMPATH\CodeIgniter.php(368): CodeIgniter\CodeIgniter->handleRequest(null, Object(Config\Cache), false)
 4 FCPATH\index.php(67): CodeIgniter\CodeIgniter->run()
CRITICAL - 2023-04-25 02:05:47 --> Undefined variable $datos
in APPPATH\Views\contacto.php on line 19.
 1 APPPATH\Views\contacto.php(19): CodeIgniter\Debug\Exceptions->errorHandler(2, 'Undefined variable $datos', 'C:\\xampp\\htdocs\\proyecto_garcia_ana_cecilia\\app\\Views\\contacto.php', 19)
 2 SYSTEMPATH\View\View.php(213): include('C:\\xampp\\htdocs\\proyecto_garcia_ana_cecilia\\app\\Views\\contacto.php')
 3 SYSTEMPATH\View\View.php(216): CodeIgniter\View\View->CodeIgniter\View\{closure}()
 4 SYSTEMPATH\Common.php(1184): CodeIgniter\View\View->render('contacto', [], true)
 5 APPPATH\Controllers\Home.php(19): view('contacto')
 6 SYSTEMPATH\CodeIgniter.php(934): App\Controllers\Home->contactoIndex()
 7 SYSTEMPATH\CodeIgniter.php(499): CodeIgniter\CodeIgniter->runController(Object(App\Controllers\Home))
 8 SYSTEMPATH\CodeIgniter.php(368): CodeIgniter\CodeIgniter->handleRequest(null, Object(Config\Cache), false)
 9 FCPATH\index.php(67): CodeIgniter\CodeIgniter->run()
CRITICAL - 2023-04-25 02:05:53 --> Undefined variable $datos
in APPPATH\Views\contacto.php on line 19.
 1 APPPATH\Views\contacto.php(19): CodeIgniter\Debug\Exceptions->errorHandler(2, 'Undefined variable $datos', 'C:\\xampp\\htdocs\\proyecto_garcia_ana_cecilia\\app\\Views\\contacto.php', 19)
 2 SYSTEMPATH\View\View.php(213): include('C:\\xampp\\htdocs\\proyecto_garcia_ana_cecilia\\app\\Views\\contacto.php')
 3 SYSTEMPATH\View\View.php(216): CodeIgniter\View\View->CodeIgniter\View\{closure}()
 4 SYSTEMPATH\Common.php(1184): CodeIgniter\View\View->render('contacto', [], true)
 5 APPPATH\Controllers\Home.php(19): view('contacto')
 6 SYSTEMPATH\CodeIgniter.php(934): App\Controllers\Home->contactoIndex()
 7 SYSTEMPATH\CodeIgniter.php(499): CodeIgniter\CodeIgniter->runController(Object(App\Controllers\Home))
 8 SYSTEMPATH\CodeIgniter.php(368): CodeIgniter\CodeIgniter->handleRequest(null, Object(Config\Cache), false)
 9 FCPATH\index.php(67): CodeIgniter\CodeIgniter->run()
CRITICAL - 2023-04-25 02:05:58 --> Undefined variable $datos
in APPPATH\Views\contacto.php on line 19.
 1 APPPATH\Views\contacto.php(19): CodeIgniter\Debug\Exceptions->errorHandler(2, 'Undefined variable $datos', 'C:\\xampp\\htdocs\\proyecto_garcia_ana_cecilia\\app\\Views\\contacto.php', 19)
 2 SYSTEMPATH\View\View.php(213): include('C:\\xampp\\htdocs\\proyecto_garcia_ana_cecilia\\app\\Views\\contacto.php')
 3 SYSTEMPATH\View\View.php(216): CodeIgniter\View\View->CodeIgniter\View\{closure}()
 4 SYSTEMPATH\Common.php(1184): CodeIgniter\View\View->render('contacto', [], true)
 5 APPPATH\Controllers\Home.php(19): view('contacto')
 6 SYSTEMPATH\CodeIgniter.php(934): App\Controllers\Home->contactoIndex()
 7 SYSTEMPATH\CodeIgniter.php(499): CodeIgniter\CodeIgniter->runController(Object(App\Controllers\Home))
 8 SYSTEMPATH\CodeIgniter.php(368): CodeIgniter\CodeIgniter->handleRequest(null, Object(Config\Cache), false)
 9 FCPATH\index.php(67): CodeIgniter\CodeIgniter->run()
CRITICAL - 2023-04-25 02:07:14 --> Undefined variable $success
in APPPATH\Views\contacto.php on line 19.
 1 APPPATH\Views\contacto.php(19): CodeIgniter\Debug\Exceptions->errorHandler(2, 'Undefined variable $success', 'C:\\xampp\\htdocs\\proyecto_garcia_ana_cecilia\\app\\Views\\contacto.php', 19)
 2 SYSTEMPATH\View\View.php(213): include('C:\\xampp\\htdocs\\proyecto_garcia_ana_cecilia\\app\\Views\\contacto.php')
 3 SYSTEMPATH\View\View.php(216): CodeIgniter\View\View->CodeIgniter\View\{closure}()
 4 SYSTEMPATH\Common.php(1184): CodeIgniter\View\View->render('contacto', [], true)
 5 APPPATH\Controllers\Home.php(19): view('contacto')
 6 SYSTEMPATH\CodeIgniter.php(934): App\Controllers\Home->contactoIndex()
 7 SYSTEMPATH\CodeIgniter.php(499): CodeIgniter\CodeIgniter->runController(Object(App\Controllers\Home))
 8 SYSTEMPATH\CodeIgniter.php(368): CodeIgniter\CodeIgniter->handleRequest(null, Object(Config\Cache), false)
 9 FCPATH\index.php(67): CodeIgniter\CodeIgniter->run()
CRITICAL - 2023-04-25 02:07:15 --> Undefined variable $success
in APPPATH\Views\contacto.php on line 19.
 1 APPPATH\Views\contacto.php(19): CodeIgniter\Debug\Exceptions->errorHandler(2, 'Undefined variable $success', 'C:\\xampp\\htdocs\\proyecto_garcia_ana_cecilia\\app\\Views\\contacto.php', 19)
 2 SYSTEMPATH\View\View.php(213): include('C:\\xampp\\htdocs\\proyecto_garcia_ana_cecilia\\app\\Views\\contacto.php')
 3 SYSTEMPATH\View\View.php(216): CodeIgniter\View\View->CodeIgniter\View\{closure}()
 4 SYSTEMPATH\Common.php(1184): CodeIgniter\View\View->render('contacto', [], true)
 5 APPPATH\Controllers\Home.php(19): view('contacto')
 6 SYSTEMPATH\CodeIgniter.php(934): App\Controllers\Home->contactoIndex()
 7 SYSTEMPATH\CodeIgniter.php(499): CodeIgniter\CodeIgniter->runController(Object(App\Controllers\Home))
 8 SYSTEMPATH\CodeIgniter.php(368): CodeIgniter\CodeIgniter->handleRequest(null, Object(Config\Cache), false)
 9 FCPATH\index.php(67): CodeIgniter\CodeIgniter->run()
CRITICAL - 2023-04-25 02:07:15 --> Undefined variable $success
in APPPATH\Views\contacto.php on line 19.
 1 APPPATH\Views\contacto.php(19): CodeIgniter\Debug\Exceptions->errorHandler(2, 'Undefined variable $success', 'C:\\xampp\\htdocs\\proyecto_garcia_ana_cecilia\\app\\Views\\contacto.php', 19)
 2 SYSTEMPATH\View\View.php(213): include('C:\\xampp\\htdocs\\proyecto_garcia_ana_cecilia\\app\\Views\\contacto.php')
 3 SYSTEMPATH\View\View.php(216): CodeIgniter\View\View->CodeIgniter\View\{closure}()
 4 SYSTEMPATH\Common.php(1184): CodeIgniter\View\View->render('contacto', [], true)
 5 APPPATH\Controllers\Home.php(19): view('contacto')
 6 SYSTEMPATH\CodeIgniter.php(934): App\Controllers\Home->contactoIndex()
 7 SYSTEMPATH\CodeIgniter.php(499): CodeIgniter\CodeIgniter->runController(Object(App\Controllers\Home))
 8 SYSTEMPATH\CodeIgniter.php(368): CodeIgniter\CodeIgniter->handleRequest(null, Object(Config\Cache), false)
 9 FCPATH\index.php(67): CodeIgniter\CodeIgniter->run()
CRITICAL - 2023-04-25 02:07:15 --> Undefined variable $success
in APPPATH\Views\contacto.php on line 19.
 1 APPPATH\Views\contacto.php(19): CodeIgniter\Debug\Exceptions->errorHandler(2, 'Undefined variable $success', 'C:\\xampp\\htdocs\\proyecto_garcia_ana_cecilia\\app\\Views\\contacto.php', 19)
 2 SYSTEMPATH\View\View.php(213): include('C:\\xampp\\htdocs\\proyecto_garcia_ana_cecilia\\app\\Views\\contacto.php')
 3 SYSTEMPATH\View\View.php(216): CodeIgniter\View\View->CodeIgniter\View\{closure}()
 4 SYSTEMPATH\Common.php(1184): CodeIgniter\View\View->render('contacto', [], true)
 5 APPPATH\Controllers\Home.php(19): view('contacto')
 6 SYSTEMPATH\CodeIgniter.php(934): App\Controllers\Home->contactoIndex()
 7 SYSTEMPATH\CodeIgniter.php(499): CodeIgniter\CodeIgniter->runController(Object(App\Controllers\Home))
 8 SYSTEMPATH\CodeIgniter.php(368): CodeIgniter\CodeIgniter->handleRequest(null, Object(Config\Cache), false)
 9 FCPATH\index.php(67): CodeIgniter\CodeIgniter->run()
CRITICAL - 2023-04-25 02:07:15 --> Undefined variable $success
in APPPATH\Views\contacto.php on line 19.
 1 APPPATH\Views\contacto.php(19): CodeIgniter\Debug\Exceptions->errorHandler(2, 'Undefined variable $success', 'C:\\xampp\\htdocs\\proyecto_garcia_ana_cecilia\\app\\Views\\contacto.php', 19)
 2 SYSTEMPATH\View\View.php(213): include('C:\\xampp\\htdocs\\proyecto_garcia_ana_cecilia\\app\\Views\\contacto.php')
 3 SYSTEMPATH\View\View.php(216): CodeIgniter\View\View->CodeIgniter\View\{closure}()
 4 SYSTEMPATH\Common.php(1184): CodeIgniter\View\View->render('contacto', [], true)
 5 APPPATH\Controllers\Home.php(19): view('contacto')
 6 SYSTEMPATH\CodeIgniter.php(934): App\Controllers\Home->contactoIndex()
 7 SYSTEMPATH\CodeIgniter.php(499): CodeIgniter\CodeIgniter->runController(Object(App\Controllers\Home))
 8 SYSTEMPATH\CodeIgniter.php(368): CodeIgniter\CodeIgniter->handleRequest(null, Object(Config\Cache), false)
 9 FCPATH\index.php(67): CodeIgniter\CodeIgniter->run()
CRITICAL - 2023-04-25 02:07:20 --> Undefined variable $success
in APPPATH\Views\contacto.php on line 19.
 1 APPPATH\Views\contacto.php(19): CodeIgniter\Debug\Exceptions->errorHandler(2, 'Undefined variable $success', 'C:\\xampp\\htdocs\\proyecto_garcia_ana_cecilia\\app\\Views\\contacto.php', 19)
 2 SYSTEMPATH\View\View.php(213): include('C:\\xampp\\htdocs\\proyecto_garcia_ana_cecilia\\app\\Views\\contacto.php')
 3 SYSTEMPATH\View\View.php(216): CodeIgniter\View\View->CodeIgniter\View\{closure}()
 4 SYSTEMPATH\Common.php(1184): CodeIgniter\View\View->render('contacto', [], true)
 5 APPPATH\Controllers\Home.php(19): view('contacto')
 6 SYSTEMPATH\CodeIgniter.php(934): App\Controllers\Home->contactoIndex()
 7 SYSTEMPATH\CodeIgniter.php(499): CodeIgniter\CodeIgniter->runController(Object(App\Controllers\Home))
 8 SYSTEMPATH\CodeIgniter.php(368): CodeIgniter\CodeIgniter->handleRequest(null, Object(Config\Cache), false)
 9 FCPATH\index.php(67): CodeIgniter\CodeIgniter->run()
CRITICAL - 2023-04-25 02:08:39 --> Undefined variable $success
in APPPATH\Views\contacto.php on line 19.
 1 APPPATH\Views\contacto.php(19): CodeIgniter\Debug\Exceptions->errorHandler(2, 'Undefined variable $success', 'C:\\xampp\\htdocs\\proyecto_garcia_ana_cecilia\\app\\Views\\contacto.php', 19)
 2 SYSTEMPATH\View\View.php(213): include('C:\\xampp\\htdocs\\proyecto_garcia_ana_cecilia\\app\\Views\\contacto.php')
 3 SYSTEMPATH\View\View.php(216): CodeIgniter\View\View->CodeIgniter\View\{closure}()
 4 SYSTEMPATH\Common.php(1184): CodeIgniter\View\View->render('contacto', [], true)
 5 APPPATH\Controllers\Home.php(19): view('contacto')
 6 SYSTEMPATH\CodeIgniter.php(934): App\Controllers\Home->contactoIndex()
 7 SYSTEMPATH\CodeIgniter.php(499): CodeIgniter\CodeIgniter->runController(Object(App\Controllers\Home))
 8 SYSTEMPATH\CodeIgniter.php(368): CodeIgniter\CodeIgniter->handleRequest(null, Object(Config\Cache), false)
 9 FCPATH\index.php(67): CodeIgniter\CodeIgniter->run()
CRITICAL - 2023-04-25 02:08:41 --> Undefined variable $success
in APPPATH\Views\contacto.php on line 19.
 1 APPPATH\Views\contacto.php(19): CodeIgniter\Debug\Exceptions->errorHandler(2, 'Undefined variable $success', 'C:\\xampp\\htdocs\\proyecto_garcia_ana_cecilia\\app\\Views\\contacto.php', 19)
 2 SYSTEMPATH\View\View.php(213): include('C:\\xampp\\htdocs\\proyecto_garcia_ana_cecilia\\app\\Views\\contacto.php')
 3 SYSTEMPATH\View\View.php(216): CodeIgniter\View\View->CodeIgniter\View\{closure}()
 4 SYSTEMPATH\Common.php(1184): CodeIgniter\View\View->render('contacto', [], true)
 5 APPPATH\Controllers\Home.php(19): view('contacto')
 6 SYSTEMPATH\CodeIgniter.php(934): App\Controllers\Home->contactoIndex()
 7 SYSTEMPATH\CodeIgniter.php(499): CodeIgniter\CodeIgniter->runController(Object(App\Controllers\Home))
 8 SYSTEMPATH\CodeIgniter.php(368): CodeIgniter\CodeIgniter->handleRequest(null, Object(Config\Cache), false)
 9 FCPATH\index.php(67): CodeIgniter\CodeIgniter->run()
CRITICAL - 2023-04-25 02:08:44 --> Undefined variable $success
in APPPATH\Views\contacto.php on line 19.
 1 APPPATH\Views\contacto.php(19): CodeIgniter\Debug\Exceptions->errorHandler(2, 'Undefined variable $success', 'C:\\xampp\\htdocs\\proyecto_garcia_ana_cecilia\\app\\Views\\contacto.php', 19)
 2 SYSTEMPATH\View\View.php(213): include('C:\\xampp\\htdocs\\proyecto_garcia_ana_cecilia\\app\\Views\\contacto.php')
 3 SYSTEMPATH\View\View.php(216): CodeIgniter\View\View->CodeIgniter\View\{closure}()
 4 SYSTEMPATH\Common.php(1184): CodeIgniter\View\View->render('contacto', [], true)
 5 APPPATH\Controllers\Home.php(19): view('contacto')
 6 SYSTEMPATH\CodeIgniter.php(934): App\Controllers\Home->contactoIndex()
 7 SYSTEMPATH\CodeIgniter.php(499): CodeIgniter\CodeIgniter->runController(Object(App\Controllers\Home))
 8 SYSTEMPATH\CodeIgniter.php(368): CodeIgniter\CodeIgniter->handleRequest(null, Object(Config\Cache), false)
 9 FCPATH\index.php(67): CodeIgniter\CodeIgniter->run()
