CRITICAL - 2023-06-12 00:42:36 --> Class "App\Controllers\Product" not found
in APPPATH\Controllers\Consultas.php on line 8.
 1 SYSTEMPATH\CodeIgniter.php(934): App\Controllers\Consultas->store()
 2 SYSTEMPATH\CodeIgniter.php(499): CodeIgniter\CodeIgniter->runController(Object(App\Controllers\Consultas))
 3 SYSTEMPATH\CodeIgniter.php(368): CodeIgniter\CodeIgniter->handleRequest(null, Object(Config\Cache), false)
 4 FCPATH\index.php(67): CodeIgniter\CodeIgniter->run()
CRITICAL - 2023-06-12 00:48:00 --> Cannot use isset() on the result of an expression (you can use "null !== expression" instead)
in APPPATH\Views\contacto.php on line 14.
 1 [internal function]: CodeIgniter\Debug\Exceptions->shutdownHandler()
CRITICAL - 2023-06-12 02:13:59 --> Class "App\Models\Envio" not found
in APPPATH\Controllers\Envios.php on line 12.
 1 SYSTEMPATH\CodeIgniter.php(934): App\Controllers\Envios->store()
 2 SYSTEMPATH\CodeIgniter.php(499): CodeIgniter\CodeIgniter->runController(Object(App\Controllers\Envios))
 3 SYSTEMPATH\CodeIgniter.php(368): CodeIgniter\CodeIgniter->handleRequest(null, Object(Config\Cache), false)
 4 FCPATH\index.php(67): CodeIgniter\CodeIgniter->run()
ERROR - 2023-06-12 02:23:42 --> mysqli_sql_exception: Cannot add or update a child row: a foreign key constraint fails (`bd_garcia_ana_cecilia`.`envios`, CONSTRAINT `envios_ibfk_1` FOREIGN KEY (`provincias_id`) REFERENCES `provincias` (`id`)) in C:\xampp\htdocs\proyecto_garcia_ana_cecilia\system\Database\MySQLi\Connection.php:295
Stack trace:
#0 C:\xampp\htdocs\proyecto_garcia_ana_cecilia\system\Database\MySQLi\Connection.php(295): mysqli->query('INSERT INTO `en...', 0)
#1 C:\xampp\htdocs\proyecto_garcia_ana_cecilia\system\Database\BaseConnection.php(691): CodeIgniter\Database\MySQLi\Connection->execute('INSERT INTO `en...')
#2 C:\xampp\htdocs\proyecto_garcia_ana_cecilia\system\Database\BaseConnection.php(605): CodeIgniter\Database\BaseConnection->simpleQuery('INSERT INTO `en...')
#3 C:\xampp\htdocs\proyecto_garcia_ana_cecilia\system\Database\BaseBuilder.php(2309): CodeIgniter\Database\BaseConnection->query('INSERT INTO `en...', Array, false)
#4 C:\xampp\htdocs\proyecto_garcia_ana_cecilia\system\Model.php(330): CodeIgniter\Database\BaseBuilder->insert()
#5 C:\xampp\htdocs\proyecto_garcia_ana_cecilia\system\BaseModel.php(782): CodeIgniter\Model->doInsert(Array)
#6 C:\xampp\htdocs\proyecto_garcia_ana_cecilia\system\Model.php(730): CodeIgniter\BaseModel->insert(Array, true)
#7 C:\xampp\htdocs\proyecto_garcia_ana_cecilia\app\Controllers\Envios.php(50): CodeIgniter\Model->insert(Array)
#8 C:\xampp\htdocs\proyecto_garcia_ana_cecilia\system\CodeIgniter.php(934): App\Controllers\Envios->store()
#9 C:\xampp\htdocs\proyecto_garcia_ana_cecilia\system\CodeIgniter.php(499): CodeIgniter\CodeIgniter->runController(Object(App\Controllers\Envios))
#10 C:\xampp\htdocs\proyecto_garcia_ana_cecilia\system\CodeIgniter.php(368): CodeIgniter\CodeIgniter->handleRequest(NULL, Object(Config\Cache), false)
#11 C:\xampp\htdocs\proyecto_garcia_ana_cecilia\public\index.php(67): CodeIgniter\CodeIgniter->run()
#12 {main}
CRITICAL - 2023-06-12 02:23:42 --> Cannot add or update a child row: a foreign key constraint fails (`bd_garcia_ana_cecilia`.`envios`, CONSTRAINT `envios_ibfk_1` FOREIGN KEY (`provincias_id`) REFERENCES `provincias` (`id`))
in SYSTEMPATH\Database\MySQLi\Connection.php on line 295.
 1 SYSTEMPATH\Database\MySQLi\Connection.php(295): mysqli->query('INSERT INTO `envios` (`ciudad`, `direccion`, `codigo_postal`, `forma_pago`) VALUES (\'fgfg\', \'fgdfgd\', \'fgdfg\', \'Tarjeta de Credito\')', 0)
 2 SYSTEMPATH\Database\BaseConnection.php(691): CodeIgniter\Database\MySQLi\Connection->execute('INSERT INTO `envios` (`ciudad`, `direccion`, `codigo_postal`, `forma_pago`) VALUES (\'fgfg\', \'fgdfgd\', \'fgdfg\', \'Tarjeta de Credito\')')
 3 SYSTEMPATH\Database\BaseConnection.php(605): CodeIgniter\Database\BaseConnection->simpleQuery('INSERT INTO `envios` (`ciudad`, `direccion`, `codigo_postal`, `forma_pago`) VALUES (\'fgfg\', \'fgdfgd\', \'fgdfg\', \'Tarjeta de Credito\')')
 4 SYSTEMPATH\Database\BaseBuilder.php(2309): CodeIgniter\Database\BaseConnection->query('INSERT INTO `envios` (`ciudad`, `direccion`, `codigo_postal`, `forma_pago`) VALUES (:ciudad:, :direccion:, :codigo_postal:, :forma_pago:)', [...], false)
 5 SYSTEMPATH\Model.php(330): CodeIgniter\Database\BaseBuilder->insert()
 6 SYSTEMPATH\BaseModel.php(782): CodeIgniter\Model->doInsert([...])
 7 SYSTEMPATH\Model.php(730): CodeIgniter\BaseModel->insert([...], true)
 8 APPPATH\Controllers\Envios.php(50): CodeIgniter\Model->insert([...])
 9 SYSTEMPATH\CodeIgniter.php(934): App\Controllers\Envios->store()
10 SYSTEMPATH\CodeIgniter.php(499): CodeIgniter\CodeIgniter->runController(Object(App\Controllers\Envios))
11 SYSTEMPATH\CodeIgniter.php(368): CodeIgniter\CodeIgniter->handleRequest(null, Object(Config\Cache), false)
12 FCPATH\index.php(67): CodeIgniter\CodeIgniter->run()
CRITICAL - 2023-06-12 02:24:55 --> Undefined array key "provincias_id"
in APPPATH\Controllers\Envios.php on line 50.
 1 APPPATH\Controllers\Envios.php(50): CodeIgniter\Debug\Exceptions->errorHandler(2, 'Undefined array key "provincias_id"', 'C:\\xampp\\htdocs\\proyecto_garcia_ana_cecilia\\app\\Controllers\\Envios.php', 50)
 2 SYSTEMPATH\CodeIgniter.php(934): App\Controllers\Envios->store()
 3 SYSTEMPATH\CodeIgniter.php(499): CodeIgniter\CodeIgniter->runController(Object(App\Controllers\Envios))
 4 SYSTEMPATH\CodeIgniter.php(368): CodeIgniter\CodeIgniter->handleRequest(null, Object(Config\Cache), false)
 5 FCPATH\index.php(67): CodeIgniter\CodeIgniter->run()
CRITICAL - 2023-06-12 02:51:08 --> Trying to access array offset on value of type null
in APPPATH\Controllers\Facturas.php on line 69.
 1 APPPATH\Controllers\Facturas.php(69): CodeIgniter\Debug\Exceptions->errorHandler(2, 'Trying to access array offset on value of type null', 'C:\\xampp\\htdocs\\proyecto_garcia_ana_cecilia\\app\\Controllers\\Facturas.php', 69)
 2 SYSTEMPATH\CodeIgniter.php(934): App\Controllers\Facturas->show('1')
 3 SYSTEMPATH\CodeIgniter.php(499): CodeIgniter\CodeIgniter->runController(Object(App\Controllers\Facturas))
 4 SYSTEMPATH\CodeIgniter.php(368): CodeIgniter\CodeIgniter->handleRequest(null, Object(Config\Cache), false)
 5 FCPATH\index.php(67): CodeIgniter\CodeIgniter->run()
CRITICAL - 2023-06-12 23:53:52 --> There is no data to update.
in SYSTEMPATH\BaseModel.php on line 924.
 1 SYSTEMPATH\BaseModel.php(924): CodeIgniter\Database\Exceptions\DataException::forEmptyDataset('update')
 2 SYSTEMPATH\Model.php(756): CodeIgniter\BaseModel->update([...], [])
 3 APPPATH\Controllers\Ventas.php(30): CodeIgniter\Model->update('12', [...])
 4 SYSTEMPATH\CodeIgniter.php(934): App\Controllers\Ventas->create('3')
 5 SYSTEMPATH\CodeIgniter.php(499): CodeIgniter\CodeIgniter->runController(Object(App\Controllers\Ventas))
 6 SYSTEMPATH\CodeIgniter.php(368): CodeIgniter\CodeIgniter->handleRequest(null, Object(Config\Cache), false)
 7 FCPATH\index.php(67): CodeIgniter\CodeIgniter->run()
