CRITICAL - 2023-06-13 01:38:17 --> Call to undefined method App\Models\Categoria::inactivos
in SYSTEMPATH\Model.php on line 842.
 1 APPPATH\Controllers\Categorias.php(105): CodeIgniter\Model->__call('inactivos', [])
 2 SYSTEMPATH\CodeIgniter.php(934): App\Controllers\Categorias->inactivos()
 3 SYSTEMPATH\CodeIgniter.php(499): CodeIgniter\CodeIgniter->runController(Object(App\Controllers\Categorias))
 4 SYSTEMPATH\CodeIgniter.php(368): CodeIgniter\CodeIgniter->handleRequest(null, Object(Config\Cache), false)
 5 FCPATH\index.php(67): CodeIgniter\CodeIgniter->run()
CRITICAL - 2023-06-13 01:47:00 --> CodeIgniter\Database\BaseBuilder::like(): Argument #2 ($match) must be of type string, null given, called in C:\xampp\htdocs\proyecto_garcia_ana_cecilia\system\Model.php on line 840
in SYSTEMPATH\Database\BaseBuilder.php on line 984.
 1 SYSTEMPATH\Model.php(840): CodeIgniter\Database\BaseBuilder->like('categoria', null)
 2 APPPATH\Models\Categoria.php(17): CodeIgniter\Model->__call('like', [...])
 3 APPPATH\Controllers\Categorias.php(89): App\Models\Categoria->search(null)
 4 SYSTEMPATH\CodeIgniter.php(934): App\Controllers\Categorias->search()
 5 SYSTEMPATH\CodeIgniter.php(499): CodeIgniter\CodeIgniter->runController(Object(App\Controllers\Categorias))
 6 SYSTEMPATH\CodeIgniter.php(368): CodeIgniter\CodeIgniter->handleRequest(null, Object(Config\Cache), false)
 7 FCPATH\index.php(67): CodeIgniter\CodeIgniter->run()
ERROR - 2023-06-13 01:52:42 --> mysqli_sql_exception: Unknown column 'categoria' in 'where clause' in C:\xampp\htdocs\proyecto_garcia_ana_cecilia\system\Database\MySQLi\Connection.php:295
Stack trace:
#0 C:\xampp\htdocs\proyecto_garcia_ana_cecilia\system\Database\MySQLi\Connection.php(295): mysqli->query('SELECT *\nFROM `...', 0)
#1 C:\xampp\htdocs\proyecto_garcia_ana_cecilia\system\Database\BaseConnection.php(691): CodeIgniter\Database\MySQLi\Connection->execute('SELECT *\nFROM `...')
#2 C:\xampp\htdocs\proyecto_garcia_ana_cecilia\system\Database\BaseConnection.php(605): CodeIgniter\Database\BaseConnection->simpleQuery('SELECT *\nFROM `...')
#3 C:\xampp\htdocs\proyecto_garcia_ana_cecilia\system\Database\BaseBuilder.php(1616): CodeIgniter\Database\BaseConnection->query('SELECT *\nFROM `...', Array, false)
#4 C:\xampp\htdocs\proyecto_garcia_ana_cecilia\system\Model.php(241): CodeIgniter\Database\BaseBuilder->get()
#5 C:\xampp\htdocs\proyecto_garcia_ana_cecilia\system\BaseModel.php(618): CodeIgniter\Model->doFindAll(0, 0)
#6 C:\xampp\htdocs\proyecto_garcia_ana_cecilia\app\Models\Serie.php(16): CodeIgniter\BaseModel->findAll()
#7 C:\xampp\htdocs\proyecto_garcia_ana_cecilia\app\Controllers\Series.php(128): App\Models\Serie->search('k')
#8 C:\xampp\htdocs\proyecto_garcia_ana_cecilia\system\CodeIgniter.php(934): App\Controllers\Series->search()
#9 C:\xampp\htdocs\proyecto_garcia_ana_cecilia\system\CodeIgniter.php(499): CodeIgniter\CodeIgniter->runController(Object(App\Controllers\Series))
#10 C:\xampp\htdocs\proyecto_garcia_ana_cecilia\system\CodeIgniter.php(368): CodeIgniter\CodeIgniter->handleRequest(NULL, Object(Config\Cache), false)
#11 C:\xampp\htdocs\proyecto_garcia_ana_cecilia\public\index.php(67): CodeIgniter\CodeIgniter->run()
#12 {main}
CRITICAL - 2023-06-13 01:52:42 --> Unknown column 'categoria' in 'where clause'
in SYSTEMPATH\Database\MySQLi\Connection.php on line 295.
 1 SYSTEMPATH\Database\MySQLi\Connection.php(295): mysqli->query('SELECT *
FROM `series`
WHERE `categoria` LIKE \'%k%\' ESCAPE \'!\'', 0)
 2 SYSTEMPATH\Database\BaseConnection.php(691): CodeIgniter\Database\MySQLi\Connection->execute('SELECT *
FROM `series`
WHERE `categoria` LIKE \'%k%\' ESCAPE \'!\'')
 3 SYSTEMPATH\Database\BaseConnection.php(605): CodeIgniter\Database\BaseConnection->simpleQuery('SELECT *
FROM `series`
WHERE `categoria` LIKE \'%k%\' ESCAPE \'!\'')
 4 SYSTEMPATH\Database\BaseBuilder.php(1616): CodeIgniter\Database\BaseConnection->query('SELECT *
FROM `series`
WHERE `categoria` LIKE :categoria: ESCAPE \'!\'', [...], false)
 5 SYSTEMPATH\Model.php(241): CodeIgniter\Database\BaseBuilder->get()
 6 SYSTEMPATH\BaseModel.php(618): CodeIgniter\Model->doFindAll(0, 0)
 7 APPPATH\Models\Serie.php(16): CodeIgniter\BaseModel->findAll()
 8 APPPATH\Controllers\Series.php(128): App\Models\Serie->search('k')
 9 SYSTEMPATH\CodeIgniter.php(934): App\Controllers\Series->search()
10 SYSTEMPATH\CodeIgniter.php(499): CodeIgniter\CodeIgniter->runController(Object(App\Controllers\Series))
11 SYSTEMPATH\CodeIgniter.php(368): CodeIgniter\CodeIgniter->handleRequest(null, Object(Config\Cache), false)
12 FCPATH\index.php(67): CodeIgniter\CodeIgniter->run()
