ERROR - 2023-06-03 18:41:27 --> mysqli_sql_exception: Cannot add or update a child row: a foreign key constraint fails (`bd_garcia_ana_cecilia`.`productos`, CONSTRAINT `productos_ibfk_1` FOREIGN KEY (`categorias_id`) REFERENCES `categorias` (`id`)) in C:\xampp\htdocs\proyecto_garcia_ana_cecilia\system\Database\MySQLi\Connection.php:295
Stack trace:
#0 C:\xampp\htdocs\proyecto_garcia_ana_cecilia\system\Database\MySQLi\Connection.php(295): mysqli->query('INSERT INTO `pr...', 0)
#1 C:\xampp\htdocs\proyecto_garcia_ana_cecilia\system\Database\BaseConnection.php(691): CodeIgniter\Database\MySQLi\Connection->execute('INSERT INTO `pr...')
#2 C:\xampp\htdocs\proyecto_garcia_ana_cecilia\system\Database\BaseConnection.php(605): CodeIgniter\Database\BaseConnection->simpleQuery('INSERT INTO `pr...')
#3 C:\xampp\htdocs\proyecto_garcia_ana_cecilia\system\Database\BaseBuilder.php(2309): CodeIgniter\Database\BaseConnection->query('INSERT INTO `pr...', Array, false)
#4 C:\xampp\htdocs\proyecto_garcia_ana_cecilia\system\Model.php(330): CodeIgniter\Database\BaseBuilder->insert()
#5 C:\xampp\htdocs\proyecto_garcia_ana_cecilia\system\BaseModel.php(782): CodeIgniter\Model->doInsert(Array)
#6 C:\xampp\htdocs\proyecto_garcia_ana_cecilia\system\Model.php(730): CodeIgniter\BaseModel->insert(Array, true)
#7 C:\xampp\htdocs\proyecto_garcia_ana_cecilia\app\Controllers\Products.php(63): CodeIgniter\Model->insert(Array)
#8 C:\xampp\htdocs\proyecto_garcia_ana_cecilia\system\CodeIgniter.php(934): App\Controllers\Products->store()
#9 C:\xampp\htdocs\proyecto_garcia_ana_cecilia\system\CodeIgniter.php(499): CodeIgniter\CodeIgniter->runController(Object(App\Controllers\Products))
#10 C:\xampp\htdocs\proyecto_garcia_ana_cecilia\system\CodeIgniter.php(368): CodeIgniter\CodeIgniter->handleRequest(NULL, Object(Config\Cache), false)
#11 C:\xampp\htdocs\proyecto_garcia_ana_cecilia\public\index.php(67): CodeIgniter\CodeIgniter->run()
#12 {main}
CRITICAL - 2023-06-03 18:41:27 --> Cannot add or update a child row: a foreign key constraint fails (`bd_garcia_ana_cecilia`.`productos`, CONSTRAINT `productos_ibfk_1` FOREIGN KEY (`categorias_id`) REFERENCES `categorias` (`id`))
in SYSTEMPATH\Database\MySQLi\Connection.php on line 295.
 1 SYSTEMPATH\Database\MySQLi\Connection.php(295): mysqli->query('INSERT INTO `productos` (`producto`, `precio`, `cantidad`, `baja`, `imagen`) VALUES (\'Lucy y Natsu\', \'50.20\', \'10\', \'NO\', \'1685817687_c16ea704988a463a7b65.jpg\')', 0)
 2 SYSTEMPATH\Database\BaseConnection.php(691): CodeIgniter\Database\MySQLi\Connection->execute('INSERT INTO `productos` (`producto`, `precio`, `cantidad`, `baja`, `imagen`) VALUES (\'Lucy y Natsu\', \'50.20\', \'10\', \'NO\', \'1685817687_c16ea704988a463a7b65.jpg\')')
 3 SYSTEMPATH\Database\BaseConnection.php(605): CodeIgniter\Database\BaseConnection->simpleQuery('INSERT INTO `productos` (`producto`, `precio`, `cantidad`, `baja`, `imagen`) VALUES (\'Lucy y Natsu\', \'50.20\', \'10\', \'NO\', \'1685817687_c16ea704988a463a7b65.jpg\')')
 4 SYSTEMPATH\Database\BaseBuilder.php(2309): CodeIgniter\Database\BaseConnection->query('INSERT INTO `productos` (`producto`, `precio`, `cantidad`, `baja`, `imagen`) VALUES (:producto:, :precio:, :cantidad:, :baja:, :imagen:)', [...], false)
 5 SYSTEMPATH\Model.php(330): CodeIgniter\Database\BaseBuilder->insert()
 6 SYSTEMPATH\BaseModel.php(782): CodeIgniter\Model->doInsert([...])
 7 SYSTEMPATH\Model.php(730): CodeIgniter\BaseModel->insert([...], true)
 8 APPPATH\Controllers\Products.php(63): CodeIgniter\Model->insert([...])
 9 SYSTEMPATH\CodeIgniter.php(934): App\Controllers\Products->store()
10 SYSTEMPATH\CodeIgniter.php(499): CodeIgniter\CodeIgniter->runController(Object(App\Controllers\Products))
11 SYSTEMPATH\CodeIgniter.php(368): CodeIgniter\CodeIgniter->handleRequest(null, Object(Config\Cache), false)
12 FCPATH\index.php(67): CodeIgniter\CodeIgniter->run()
