CRITICAL - 2023-04-18 23:14:29 --> include_once(./templates/header.php): failed to open stream: No such file or directory
in APPPATH\Views\principal.php on line 4.
 1 APPPATH\Views\principal.php(4): CodeIgniter\Debug\Exceptions->errorHandler(2, 'include_once(./templates/header.php): failed to open stream: No such file or directory', 'C:\\xampp\\htdocs\\proyecto_garcia_ana_cecilia\\app\\Views\\principal.php', 4, [...])
 2 APPPATH\Views\principal.php(4): include_once()
 3 SYSTEMPATH\View\View.php(213): include('C:\\xampp\\htdocs\\proyecto_garcia_ana_cecilia\\app\\Views\\principal.php')
 4 SYSTEMPATH\View\View.php(216): CodeIgniter\View\View->CodeIgniter\View\{closure}()
 5 SYSTEMPATH\Common.php(1184): CodeIgniter\View\View->render('principal', [], true)
 6 APPPATH\Controllers\Home.php(11): view('principal', [...])
 7 SYSTEMPATH\CodeIgniter.php(934): App\Controllers\Home->index()
 8 SYSTEMPATH\CodeIgniter.php(499): CodeIgniter\CodeIgniter->runController(Object(App\Controllers\Home))
 9 SYSTEMPATH\CodeIgniter.php(368): CodeIgniter\CodeIgniter->handleRequest(null, Object(Config\Cache), false)
10 FCPATH\index.php(67): CodeIgniter\CodeIgniter->run()
CRITICAL - 2023-04-18 23:15:01 --> include_once(./templates/header.php): failed to open stream: No such file or directory
in APPPATH\Views\principal.php on line 4.
 1 APPPATH\Views\principal.php(4): CodeIgniter\Debug\Exceptions->errorHandler(2, 'include_once(./templates/header.php): failed to open stream: No such file or directory', 'C:\\xampp\\htdocs\\proyecto_garcia_ana_cecilia\\app\\Views\\principal.php', 4, [...])
 2 APPPATH\Views\principal.php(4): include_once()
 3 SYSTEMPATH\View\View.php(213): include('C:\\xampp\\htdocs\\proyecto_garcia_ana_cecilia\\app\\Views\\principal.php')
 4 SYSTEMPATH\View\View.php(216): CodeIgniter\View\View->CodeIgniter\View\{closure}()
 5 SYSTEMPATH\Common.php(1184): CodeIgniter\View\View->render('principal', [], true)
 6 APPPATH\Controllers\Home.php(11): view('principal', [...])
 7 SYSTEMPATH\CodeIgniter.php(934): App\Controllers\Home->index()
 8 SYSTEMPATH\CodeIgniter.php(499): CodeIgniter\CodeIgniter->runController(Object(App\Controllers\Home))
 9 SYSTEMPATH\CodeIgniter.php(368): CodeIgniter\CodeIgniter->handleRequest(null, Object(Config\Cache), false)
10 FCPATH\index.php(67): CodeIgniter\CodeIgniter->run()
CRITICAL - 2023-04-18 23:15:02 --> include_once(./templates/header.php): failed to open stream: No such file or directory
in APPPATH\Views\principal.php on line 4.
 1 APPPATH\Views\principal.php(4): CodeIgniter\Debug\Exceptions->errorHandler(2, 'include_once(./templates/header.php): failed to open stream: No such file or directory', 'C:\\xampp\\htdocs\\proyecto_garcia_ana_cecilia\\app\\Views\\principal.php', 4, [...])
 2 APPPATH\Views\principal.php(4): include_once()
 3 SYSTEMPATH\View\View.php(213): include('C:\\xampp\\htdocs\\proyecto_garcia_ana_cecilia\\app\\Views\\principal.php')
 4 SYSTEMPATH\View\View.php(216): CodeIgniter\View\View->CodeIgniter\View\{closure}()
 5 SYSTEMPATH\Common.php(1184): CodeIgniter\View\View->render('principal', [], true)
 6 APPPATH\Controllers\Home.php(11): view('principal', [...])
 7 SYSTEMPATH\CodeIgniter.php(934): App\Controllers\Home->index()
 8 SYSTEMPATH\CodeIgniter.php(499): CodeIgniter\CodeIgniter->runController(Object(App\Controllers\Home))
 9 SYSTEMPATH\CodeIgniter.php(368): CodeIgniter\CodeIgniter->handleRequest(null, Object(Config\Cache), false)
10 FCPATH\index.php(67): CodeIgniter\CodeIgniter->run()
CRITICAL - 2023-04-18 23:15:02 --> include_once(./templates/header.php): failed to open stream: No such file or directory
in APPPATH\Views\principal.php on line 4.
 1 APPPATH\Views\principal.php(4): CodeIgniter\Debug\Exceptions->errorHandler(2, 'include_once(./templates/header.php): failed to open stream: No such file or directory', 'C:\\xampp\\htdocs\\proyecto_garcia_ana_cecilia\\app\\Views\\principal.php', 4, [...])
 2 APPPATH\Views\principal.php(4): include_once()
 3 SYSTEMPATH\View\View.php(213): include('C:\\xampp\\htdocs\\proyecto_garcia_ana_cecilia\\app\\Views\\principal.php')
 4 SYSTEMPATH\View\View.php(216): CodeIgniter\View\View->CodeIgniter\View\{closure}()
 5 SYSTEMPATH\Common.php(1184): CodeIgniter\View\View->render('principal', [], true)
 6 APPPATH\Controllers\Home.php(11): view('principal', [...])
 7 SYSTEMPATH\CodeIgniter.php(934): App\Controllers\Home->index()
 8 SYSTEMPATH\CodeIgniter.php(499): CodeIgniter\CodeIgniter->runController(Object(App\Controllers\Home))
 9 SYSTEMPATH\CodeIgniter.php(368): CodeIgniter\CodeIgniter->handleRequest(null, Object(Config\Cache), false)
10 FCPATH\index.php(67): CodeIgniter\CodeIgniter->run()
CRITICAL - 2023-04-18 23:15:26 --> View themes, no current section.
in SYSTEMPATH\View\View.php on line 394.
 1 APPPATH\Views\principal.php(101): CodeIgniter\View\View->endSection()
 2 SYSTEMPATH\View\View.php(213): include('C:\\xampp\\htdocs\\proyecto_garcia_ana_cecilia\\app\\Views\\principal.php')
 3 SYSTEMPATH\View\View.php(216): CodeIgniter\View\View->CodeIgniter\View\{closure}()
 4 SYSTEMPATH\Common.php(1184): CodeIgniter\View\View->render('principal', [], true)
 5 APPPATH\Controllers\Home.php(11): view('principal', [...])
 6 SYSTEMPATH\CodeIgniter.php(934): App\Controllers\Home->index()
 7 SYSTEMPATH\CodeIgniter.php(499): CodeIgniter\CodeIgniter->runController(Object(App\Controllers\Home))
 8 SYSTEMPATH\CodeIgniter.php(368): CodeIgniter\CodeIgniter->handleRequest(null, Object(Config\Cache), false)
 9 FCPATH\index.php(67): CodeIgniter\CodeIgniter->run()
CRITICAL - 2023-04-18 23:19:58 --> include(./templates/header.php): failed to open stream: No such file or directory
in APPPATH\Views\principal.php on line 1.
 1 APPPATH\Views\principal.php(1): CodeIgniter\Debug\Exceptions->errorHandler(2, 'include(./templates/header.php): failed to open stream: No such file or directory', 'C:\\xampp\\htdocs\\proyecto_garcia_ana_cecilia\\app\\Views\\principal.php', 1, [])
 2 APPPATH\Views\principal.php(1): include()
 3 SYSTEMPATH\View\View.php(213): include('C:\\xampp\\htdocs\\proyecto_garcia_ana_cecilia\\app\\Views\\principal.php')
 4 SYSTEMPATH\View\View.php(216): CodeIgniter\View\View->CodeIgniter\View\{closure}()
 5 SYSTEMPATH\Common.php(1184): CodeIgniter\View\View->render('principal', [], true)
 6 APPPATH\Controllers\Home.php(10): view('principal')
 7 SYSTEMPATH\CodeIgniter.php(934): App\Controllers\Home->index()
 8 SYSTEMPATH\CodeIgniter.php(499): CodeIgniter\CodeIgniter->runController(Object(App\Controllers\Home))
 9 SYSTEMPATH\CodeIgniter.php(368): CodeIgniter\CodeIgniter->handleRequest(null, Object(Config\Cache), false)
10 FCPATH\index.php(67): CodeIgniter\CodeIgniter->run()
CRITICAL - 2023-04-18 23:19:59 --> include(./templates/header.php): failed to open stream: No such file or directory
in APPPATH\Views\principal.php on line 1.
 1 APPPATH\Views\principal.php(1): CodeIgniter\Debug\Exceptions->errorHandler(2, 'include(./templates/header.php): failed to open stream: No such file or directory', 'C:\\xampp\\htdocs\\proyecto_garcia_ana_cecilia\\app\\Views\\principal.php', 1, [])
 2 APPPATH\Views\principal.php(1): include()
 3 SYSTEMPATH\View\View.php(213): include('C:\\xampp\\htdocs\\proyecto_garcia_ana_cecilia\\app\\Views\\principal.php')
 4 SYSTEMPATH\View\View.php(216): CodeIgniter\View\View->CodeIgniter\View\{closure}()
 5 SYSTEMPATH\Common.php(1184): CodeIgniter\View\View->render('principal', [], true)
 6 APPPATH\Controllers\Home.php(10): view('principal')
 7 SYSTEMPATH\CodeIgniter.php(934): App\Controllers\Home->index()
 8 SYSTEMPATH\CodeIgniter.php(499): CodeIgniter\CodeIgniter->runController(Object(App\Controllers\Home))
 9 SYSTEMPATH\CodeIgniter.php(368): CodeIgniter\CodeIgniter->handleRequest(null, Object(Config\Cache), false)
10 FCPATH\index.php(67): CodeIgniter\CodeIgniter->run()
CRITICAL - 2023-04-18 23:19:59 --> include(./templates/header.php): failed to open stream: No such file or directory
in APPPATH\Views\principal.php on line 1.
 1 APPPATH\Views\principal.php(1): CodeIgniter\Debug\Exceptions->errorHandler(2, 'include(./templates/header.php): failed to open stream: No such file or directory', 'C:\\xampp\\htdocs\\proyecto_garcia_ana_cecilia\\app\\Views\\principal.php', 1, [])
 2 APPPATH\Views\principal.php(1): include()
 3 SYSTEMPATH\View\View.php(213): include('C:\\xampp\\htdocs\\proyecto_garcia_ana_cecilia\\app\\Views\\principal.php')
 4 SYSTEMPATH\View\View.php(216): CodeIgniter\View\View->CodeIgniter\View\{closure}()
 5 SYSTEMPATH\Common.php(1184): CodeIgniter\View\View->render('principal', [], true)
 6 APPPATH\Controllers\Home.php(10): view('principal')
 7 SYSTEMPATH\CodeIgniter.php(934): App\Controllers\Home->index()
 8 SYSTEMPATH\CodeIgniter.php(499): CodeIgniter\CodeIgniter->runController(Object(App\Controllers\Home))
 9 SYSTEMPATH\CodeIgniter.php(368): CodeIgniter\CodeIgniter->handleRequest(null, Object(Config\Cache), false)
10 FCPATH\index.php(67): CodeIgniter\CodeIgniter->run()
CRITICAL - 2023-04-18 23:19:59 --> include(./templates/header.php): failed to open stream: No such file or directory
in APPPATH\Views\principal.php on line 1.
 1 APPPATH\Views\principal.php(1): CodeIgniter\Debug\Exceptions->errorHandler(2, 'include(./templates/header.php): failed to open stream: No such file or directory', 'C:\\xampp\\htdocs\\proyecto_garcia_ana_cecilia\\app\\Views\\principal.php', 1, [])
 2 APPPATH\Views\principal.php(1): include()
 3 SYSTEMPATH\View\View.php(213): include('C:\\xampp\\htdocs\\proyecto_garcia_ana_cecilia\\app\\Views\\principal.php')
 4 SYSTEMPATH\View\View.php(216): CodeIgniter\View\View->CodeIgniter\View\{closure}()
 5 SYSTEMPATH\Common.php(1184): CodeIgniter\View\View->render('principal', [], true)
 6 APPPATH\Controllers\Home.php(10): view('principal')
 7 SYSTEMPATH\CodeIgniter.php(934): App\Controllers\Home->index()
 8 SYSTEMPATH\CodeIgniter.php(499): CodeIgniter\CodeIgniter->runController(Object(App\Controllers\Home))
 9 SYSTEMPATH\CodeIgniter.php(368): CodeIgniter\CodeIgniter->handleRequest(null, Object(Config\Cache), false)
10 FCPATH\index.php(67): CodeIgniter\CodeIgniter->run()
CRITICAL - 2023-04-18 23:19:59 --> include(./templates/header.php): failed to open stream: No such file or directory
in APPPATH\Views\principal.php on line 1.
 1 APPPATH\Views\principal.php(1): CodeIgniter\Debug\Exceptions->errorHandler(2, 'include(./templates/header.php): failed to open stream: No such file or directory', 'C:\\xampp\\htdocs\\proyecto_garcia_ana_cecilia\\app\\Views\\principal.php', 1, [])
 2 APPPATH\Views\principal.php(1): include()
 3 SYSTEMPATH\View\View.php(213): include('C:\\xampp\\htdocs\\proyecto_garcia_ana_cecilia\\app\\Views\\principal.php')
 4 SYSTEMPATH\View\View.php(216): CodeIgniter\View\View->CodeIgniter\View\{closure}()
 5 SYSTEMPATH\Common.php(1184): CodeIgniter\View\View->render('principal', [], true)
 6 APPPATH\Controllers\Home.php(10): view('principal')
 7 SYSTEMPATH\CodeIgniter.php(934): App\Controllers\Home->index()
 8 SYSTEMPATH\CodeIgniter.php(499): CodeIgniter\CodeIgniter->runController(Object(App\Controllers\Home))
 9 SYSTEMPATH\CodeIgniter.php(368): CodeIgniter\CodeIgniter->handleRequest(null, Object(Config\Cache), false)
10 FCPATH\index.php(67): CodeIgniter\CodeIgniter->run()
CRITICAL - 2023-04-18 23:19:59 --> include(./templates/header.php): failed to open stream: No such file or directory
in APPPATH\Views\principal.php on line 1.
 1 APPPATH\Views\principal.php(1): CodeIgniter\Debug\Exceptions->errorHandler(2, 'include(./templates/header.php): failed to open stream: No such file or directory', 'C:\\xampp\\htdocs\\proyecto_garcia_ana_cecilia\\app\\Views\\principal.php', 1, [])
 2 APPPATH\Views\principal.php(1): include()
 3 SYSTEMPATH\View\View.php(213): include('C:\\xampp\\htdocs\\proyecto_garcia_ana_cecilia\\app\\Views\\principal.php')
 4 SYSTEMPATH\View\View.php(216): CodeIgniter\View\View->CodeIgniter\View\{closure}()
 5 SYSTEMPATH\Common.php(1184): CodeIgniter\View\View->render('principal', [], true)
 6 APPPATH\Controllers\Home.php(10): view('principal')
 7 SYSTEMPATH\CodeIgniter.php(934): App\Controllers\Home->index()
 8 SYSTEMPATH\CodeIgniter.php(499): CodeIgniter\CodeIgniter->runController(Object(App\Controllers\Home))
 9 SYSTEMPATH\CodeIgniter.php(368): CodeIgniter\CodeIgniter->handleRequest(null, Object(Config\Cache), false)
10 FCPATH\index.php(67): CodeIgniter\CodeIgniter->run()
CRITICAL - 2023-04-18 23:20:12 --> include_once(./templates/header.php): failed to open stream: No such file or directory
in APPPATH\Views\principal.php on line 1.
 1 APPPATH\Views\principal.php(1): CodeIgniter\Debug\Exceptions->errorHandler(2, 'include_once(./templates/header.php): failed to open stream: No such file or directory', 'C:\\xampp\\htdocs\\proyecto_garcia_ana_cecilia\\app\\Views\\principal.php', 1, [])
 2 APPPATH\Views\principal.php(1): include_once()
 3 SYSTEMPATH\View\View.php(213): include('C:\\xampp\\htdocs\\proyecto_garcia_ana_cecilia\\app\\Views\\principal.php')
 4 SYSTEMPATH\View\View.php(216): CodeIgniter\View\View->CodeIgniter\View\{closure}()
 5 SYSTEMPATH\Common.php(1184): CodeIgniter\View\View->render('principal', [], true)
 6 APPPATH\Controllers\Home.php(10): view('principal')
 7 SYSTEMPATH\CodeIgniter.php(934): App\Controllers\Home->index()
 8 SYSTEMPATH\CodeIgniter.php(499): CodeIgniter\CodeIgniter->runController(Object(App\Controllers\Home))
 9 SYSTEMPATH\CodeIgniter.php(368): CodeIgniter\CodeIgniter->handleRequest(null, Object(Config\Cache), false)
10 FCPATH\index.php(67): CodeIgniter\CodeIgniter->run()
CRITICAL - 2023-04-18 23:20:12 --> include_once(./templates/header.php): failed to open stream: No such file or directory
in APPPATH\Views\principal.php on line 1.
 1 APPPATH\Views\principal.php(1): CodeIgniter\Debug\Exceptions->errorHandler(2, 'include_once(./templates/header.php): failed to open stream: No such file or directory', 'C:\\xampp\\htdocs\\proyecto_garcia_ana_cecilia\\app\\Views\\principal.php', 1, [])
 2 APPPATH\Views\principal.php(1): include_once()
 3 SYSTEMPATH\View\View.php(213): include('C:\\xampp\\htdocs\\proyecto_garcia_ana_cecilia\\app\\Views\\principal.php')
 4 SYSTEMPATH\View\View.php(216): CodeIgniter\View\View->CodeIgniter\View\{closure}()
 5 SYSTEMPATH\Common.php(1184): CodeIgniter\View\View->render('principal', [], true)
 6 APPPATH\Controllers\Home.php(10): view('principal')
 7 SYSTEMPATH\CodeIgniter.php(934): App\Controllers\Home->index()
 8 SYSTEMPATH\CodeIgniter.php(499): CodeIgniter\CodeIgniter->runController(Object(App\Controllers\Home))
 9 SYSTEMPATH\CodeIgniter.php(368): CodeIgniter\CodeIgniter->handleRequest(null, Object(Config\Cache), false)
10 FCPATH\index.php(67): CodeIgniter\CodeIgniter->run()
CRITICAL - 2023-04-18 23:20:13 --> include_once(./templates/header.php): failed to open stream: No such file or directory
in APPPATH\Views\principal.php on line 1.
 1 APPPATH\Views\principal.php(1): CodeIgniter\Debug\Exceptions->errorHandler(2, 'include_once(./templates/header.php): failed to open stream: No such file or directory', 'C:\\xampp\\htdocs\\proyecto_garcia_ana_cecilia\\app\\Views\\principal.php', 1, [])
 2 APPPATH\Views\principal.php(1): include_once()
 3 SYSTEMPATH\View\View.php(213): include('C:\\xampp\\htdocs\\proyecto_garcia_ana_cecilia\\app\\Views\\principal.php')
 4 SYSTEMPATH\View\View.php(216): CodeIgniter\View\View->CodeIgniter\View\{closure}()
 5 SYSTEMPATH\Common.php(1184): CodeIgniter\View\View->render('principal', [], true)
 6 APPPATH\Controllers\Home.php(10): view('principal')
 7 SYSTEMPATH\CodeIgniter.php(934): App\Controllers\Home->index()
 8 SYSTEMPATH\CodeIgniter.php(499): CodeIgniter\CodeIgniter->runController(Object(App\Controllers\Home))
 9 SYSTEMPATH\CodeIgniter.php(368): CodeIgniter\CodeIgniter->handleRequest(null, Object(Config\Cache), false)
10 FCPATH\index.php(67): CodeIgniter\CodeIgniter->run()
CRITICAL - 2023-04-18 23:20:13 --> include_once(./templates/header.php): failed to open stream: No such file or directory
in APPPATH\Views\principal.php on line 1.
 1 APPPATH\Views\principal.php(1): CodeIgniter\Debug\Exceptions->errorHandler(2, 'include_once(./templates/header.php): failed to open stream: No such file or directory', 'C:\\xampp\\htdocs\\proyecto_garcia_ana_cecilia\\app\\Views\\principal.php', 1, [])
 2 APPPATH\Views\principal.php(1): include_once()
 3 SYSTEMPATH\View\View.php(213): include('C:\\xampp\\htdocs\\proyecto_garcia_ana_cecilia\\app\\Views\\principal.php')
 4 SYSTEMPATH\View\View.php(216): CodeIgniter\View\View->CodeIgniter\View\{closure}()
 5 SYSTEMPATH\Common.php(1184): CodeIgniter\View\View->render('principal', [], true)
 6 APPPATH\Controllers\Home.php(10): view('principal')
 7 SYSTEMPATH\CodeIgniter.php(934): App\Controllers\Home->index()
 8 SYSTEMPATH\CodeIgniter.php(499): CodeIgniter\CodeIgniter->runController(Object(App\Controllers\Home))
 9 SYSTEMPATH\CodeIgniter.php(368): CodeIgniter\CodeIgniter->handleRequest(null, Object(Config\Cache), false)
10 FCPATH\index.php(67): CodeIgniter\CodeIgniter->run()
