CRITICAL - 2023-04-09 22:27:16 --> include_once(templates/header): Failed to open stream: No such file or directory
in APPPATH\Views\principal.php on line 2.
 1 APPPATH\Views\principal.php(2): CodeIgniter\Debug\Exceptions->errorHandler(2, 'include_once(templates/header): Failed to open stream: No such file or directory', 'D:\\laragon\\www\\proyecto_garcia_ana_cecilia\\app\\Views\\principal.php', 2)
 2 APPPATH\Views\principal.php(2): include_once()
 3 SYSTEMPATH\View\View.php(213): include('D:\\laragon\\www\\proyecto_garcia_ana_cecilia\\app\\Views\\principal.php')
 4 SYSTEMPATH\View\View.php(216): CodeIgniter\View\View->CodeIgniter\View\{closure}()
 5 SYSTEMPATH\Common.php(1184): CodeIgniter\View\View->render('principal', [], true)
 6 APPPATH\Controllers\Home.php(9): view('principal')
 7 SYSTEMPATH\CodeIgniter.php(934): App\Controllers\Home->index()
 8 SYSTEMPATH\CodeIgniter.php(499): CodeIgniter\CodeIgniter->runController(Object(App\Controllers\Home))
 9 SYSTEMPATH\CodeIgniter.php(368): CodeIgniter\CodeIgniter->handleRequest(null, Object(Config\Cache), false)
10 FCPATH\index.php(67): CodeIgniter\CodeIgniter->run()
CRITICAL - 2023-04-09 22:27:23 --> include_once(templates/header): Failed to open stream: No such file or directory
in APPPATH\Views\principal.php on line 2.
 1 APPPATH\Views\principal.php(2): CodeIgniter\Debug\Exceptions->errorHandler(2, 'include_once(templates/header): Failed to open stream: No such file or directory', 'D:\\laragon\\www\\proyecto_garcia_ana_cecilia\\app\\Views\\principal.php', 2)
 2 APPPATH\Views\principal.php(2): include_once()
 3 SYSTEMPATH\View\View.php(213): include('D:\\laragon\\www\\proyecto_garcia_ana_cecilia\\app\\Views\\principal.php')
 4 SYSTEMPATH\View\View.php(216): CodeIgniter\View\View->CodeIgniter\View\{closure}()
 5 SYSTEMPATH\Common.php(1184): CodeIgniter\View\View->render('principal', [], true)
 6 APPPATH\Controllers\Home.php(9): view('principal')
 7 SYSTEMPATH\CodeIgniter.php(934): App\Controllers\Home->index()
 8 SYSTEMPATH\CodeIgniter.php(499): CodeIgniter\CodeIgniter->runController(Object(App\Controllers\Home))
 9 SYSTEMPATH\CodeIgniter.php(368): CodeIgniter\CodeIgniter->handleRequest(null, Object(Config\Cache), false)
10 FCPATH\index.php(67): CodeIgniter\CodeIgniter->run()
CRITICAL - 2023-04-09 22:27:58 --> include_once(../Views/templates/header.php): Failed to open stream: No such file or directory
in APPPATH\Views\principal.php on line 2.
 1 APPPATH\Views\principal.php(2): CodeIgniter\Debug\Exceptions->errorHandler(2, 'include_once(../Views/templates/header.php): Failed to open stream: No such file or directory', 'D:\\laragon\\www\\proyecto_garcia_ana_cecilia\\app\\Views\\principal.php', 2)
 2 APPPATH\Views\principal.php(2): include_once()
 3 SYSTEMPATH\View\View.php(213): include('D:\\laragon\\www\\proyecto_garcia_ana_cecilia\\app\\Views\\principal.php')
 4 SYSTEMPATH\View\View.php(216): CodeIgniter\View\View->CodeIgniter\View\{closure}()
 5 SYSTEMPATH\Common.php(1184): CodeIgniter\View\View->render('principal', [], true)
 6 APPPATH\Controllers\Home.php(9): view('principal')
 7 SYSTEMPATH\CodeIgniter.php(934): App\Controllers\Home->index()
 8 SYSTEMPATH\CodeIgniter.php(499): CodeIgniter\CodeIgniter->runController(Object(App\Controllers\Home))
 9 SYSTEMPATH\CodeIgniter.php(368): CodeIgniter\CodeIgniter->handleRequest(null, Object(Config\Cache), false)
10 FCPATH\index.php(67): CodeIgniter\CodeIgniter->run()
CRITICAL - 2023-04-09 22:27:59 --> include_once(../Views/templates/header.php): Failed to open stream: No such file or directory
in APPPATH\Views\principal.php on line 2.
 1 APPPATH\Views\principal.php(2): CodeIgniter\Debug\Exceptions->errorHandler(2, 'include_once(../Views/templates/header.php): Failed to open stream: No such file or directory', 'D:\\laragon\\www\\proyecto_garcia_ana_cecilia\\app\\Views\\principal.php', 2)
 2 APPPATH\Views\principal.php(2): include_once()
 3 SYSTEMPATH\View\View.php(213): include('D:\\laragon\\www\\proyecto_garcia_ana_cecilia\\app\\Views\\principal.php')
 4 SYSTEMPATH\View\View.php(216): CodeIgniter\View\View->CodeIgniter\View\{closure}()
 5 SYSTEMPATH\Common.php(1184): CodeIgniter\View\View->render('principal', [], true)
 6 APPPATH\Controllers\Home.php(9): view('principal')
 7 SYSTEMPATH\CodeIgniter.php(934): App\Controllers\Home->index()
 8 SYSTEMPATH\CodeIgniter.php(499): CodeIgniter\CodeIgniter->runController(Object(App\Controllers\Home))
 9 SYSTEMPATH\CodeIgniter.php(368): CodeIgniter\CodeIgniter->handleRequest(null, Object(Config\Cache), false)
10 FCPATH\index.php(67): CodeIgniter\CodeIgniter->run()
CRITICAL - 2023-04-09 22:28:00 --> include_once(../Views/templates/header.php): Failed to open stream: No such file or directory
in APPPATH\Views\principal.php on line 2.
 1 APPPATH\Views\principal.php(2): CodeIgniter\Debug\Exceptions->errorHandler(2, 'include_once(../Views/templates/header.php): Failed to open stream: No such file or directory', 'D:\\laragon\\www\\proyecto_garcia_ana_cecilia\\app\\Views\\principal.php', 2)
 2 APPPATH\Views\principal.php(2): include_once()
 3 SYSTEMPATH\View\View.php(213): include('D:\\laragon\\www\\proyecto_garcia_ana_cecilia\\app\\Views\\principal.php')
 4 SYSTEMPATH\View\View.php(216): CodeIgniter\View\View->CodeIgniter\View\{closure}()
 5 SYSTEMPATH\Common.php(1184): CodeIgniter\View\View->render('principal', [], true)
 6 APPPATH\Controllers\Home.php(9): view('principal')
 7 SYSTEMPATH\CodeIgniter.php(934): App\Controllers\Home->index()
 8 SYSTEMPATH\CodeIgniter.php(499): CodeIgniter\CodeIgniter->runController(Object(App\Controllers\Home))
 9 SYSTEMPATH\CodeIgniter.php(368): CodeIgniter\CodeIgniter->handleRequest(null, Object(Config\Cache), false)
10 FCPATH\index.php(67): CodeIgniter\CodeIgniter->run()
CRITICAL - 2023-04-09 22:28:00 --> include_once(../Views/templates/header.php): Failed to open stream: No such file or directory
in APPPATH\Views\principal.php on line 2.
 1 APPPATH\Views\principal.php(2): CodeIgniter\Debug\Exceptions->errorHandler(2, 'include_once(../Views/templates/header.php): Failed to open stream: No such file or directory', 'D:\\laragon\\www\\proyecto_garcia_ana_cecilia\\app\\Views\\principal.php', 2)
 2 APPPATH\Views\principal.php(2): include_once()
 3 SYSTEMPATH\View\View.php(213): include('D:\\laragon\\www\\proyecto_garcia_ana_cecilia\\app\\Views\\principal.php')
 4 SYSTEMPATH\View\View.php(216): CodeIgniter\View\View->CodeIgniter\View\{closure}()
 5 SYSTEMPATH\Common.php(1184): CodeIgniter\View\View->render('principal', [], true)
 6 APPPATH\Controllers\Home.php(9): view('principal')
 7 SYSTEMPATH\CodeIgniter.php(934): App\Controllers\Home->index()
 8 SYSTEMPATH\CodeIgniter.php(499): CodeIgniter\CodeIgniter->runController(Object(App\Controllers\Home))
 9 SYSTEMPATH\CodeIgniter.php(368): CodeIgniter\CodeIgniter->handleRequest(null, Object(Config\Cache), false)
10 FCPATH\index.php(67): CodeIgniter\CodeIgniter->run()
CRITICAL - 2023-04-09 22:28:01 --> include_once(../Views/templates/header.php): Failed to open stream: No such file or directory
in APPPATH\Views\principal.php on line 2.
 1 APPPATH\Views\principal.php(2): CodeIgniter\Debug\Exceptions->errorHandler(2, 'include_once(../Views/templates/header.php): Failed to open stream: No such file or directory', 'D:\\laragon\\www\\proyecto_garcia_ana_cecilia\\app\\Views\\principal.php', 2)
 2 APPPATH\Views\principal.php(2): include_once()
 3 SYSTEMPATH\View\View.php(213): include('D:\\laragon\\www\\proyecto_garcia_ana_cecilia\\app\\Views\\principal.php')
 4 SYSTEMPATH\View\View.php(216): CodeIgniter\View\View->CodeIgniter\View\{closure}()
 5 SYSTEMPATH\Common.php(1184): CodeIgniter\View\View->render('principal', [], true)
 6 APPPATH\Controllers\Home.php(9): view('principal')
 7 SYSTEMPATH\CodeIgniter.php(934): App\Controllers\Home->index()
 8 SYSTEMPATH\CodeIgniter.php(499): CodeIgniter\CodeIgniter->runController(Object(App\Controllers\Home))
 9 SYSTEMPATH\CodeIgniter.php(368): CodeIgniter\CodeIgniter->handleRequest(null, Object(Config\Cache), false)
10 FCPATH\index.php(67): CodeIgniter\CodeIgniter->run()
CRITICAL - 2023-04-09 22:28:01 --> include_once(../Views/templates/header.php): Failed to open stream: No such file or directory
in APPPATH\Views\principal.php on line 2.
 1 APPPATH\Views\principal.php(2): CodeIgniter\Debug\Exceptions->errorHandler(2, 'include_once(../Views/templates/header.php): Failed to open stream: No such file or directory', 'D:\\laragon\\www\\proyecto_garcia_ana_cecilia\\app\\Views\\principal.php', 2)
 2 APPPATH\Views\principal.php(2): include_once()
 3 SYSTEMPATH\View\View.php(213): include('D:\\laragon\\www\\proyecto_garcia_ana_cecilia\\app\\Views\\principal.php')
 4 SYSTEMPATH\View\View.php(216): CodeIgniter\View\View->CodeIgniter\View\{closure}()
 5 SYSTEMPATH\Common.php(1184): CodeIgniter\View\View->render('principal', [], true)
 6 APPPATH\Controllers\Home.php(9): view('principal')
 7 SYSTEMPATH\CodeIgniter.php(934): App\Controllers\Home->index()
 8 SYSTEMPATH\CodeIgniter.php(499): CodeIgniter\CodeIgniter->runController(Object(App\Controllers\Home))
 9 SYSTEMPATH\CodeIgniter.php(368): CodeIgniter\CodeIgniter->handleRequest(null, Object(Config\Cache), false)
10 FCPATH\index.php(67): CodeIgniter\CodeIgniter->run()
CRITICAL - 2023-04-09 22:28:01 --> include_once(../Views/templates/header.php): Failed to open stream: No such file or directory
in APPPATH\Views\principal.php on line 2.
 1 APPPATH\Views\principal.php(2): CodeIgniter\Debug\Exceptions->errorHandler(2, 'include_once(../Views/templates/header.php): Failed to open stream: No such file or directory', 'D:\\laragon\\www\\proyecto_garcia_ana_cecilia\\app\\Views\\principal.php', 2)
 2 APPPATH\Views\principal.php(2): include_once()
 3 SYSTEMPATH\View\View.php(213): include('D:\\laragon\\www\\proyecto_garcia_ana_cecilia\\app\\Views\\principal.php')
 4 SYSTEMPATH\View\View.php(216): CodeIgniter\View\View->CodeIgniter\View\{closure}()
 5 SYSTEMPATH\Common.php(1184): CodeIgniter\View\View->render('principal', [], true)
 6 APPPATH\Controllers\Home.php(9): view('principal')
 7 SYSTEMPATH\CodeIgniter.php(934): App\Controllers\Home->index()
 8 SYSTEMPATH\CodeIgniter.php(499): CodeIgniter\CodeIgniter->runController(Object(App\Controllers\Home))
 9 SYSTEMPATH\CodeIgniter.php(368): CodeIgniter\CodeIgniter->handleRequest(null, Object(Config\Cache), false)
10 FCPATH\index.php(67): CodeIgniter\CodeIgniter->run()
